{"$message_type":"diagnostic","message":"const operands for inline assembly are unstable","code":{"code":"E0658","explanation":"An unstable feature was used.\n\nErroneous code example:\n\n```compile_fail,E0658\n#[repr(u128)] // error: use of unstable library feature 'repr128'\nenum Foo {\n    Bar(u64),\n}\n```\n\nIf you're using a stable or a beta version of rustc, you won't be able to use\nany unstable features. In order to do so, please switch to a nightly version of\nrustc (by using [rustup]).\n\nIf you're using a nightly version of rustc, just add the corresponding feature\nto be able to use it:\n\n```\n#![feature(repr128)]\n\n#[repr(u128)] // ok!\nenum Foo {\n    Bar(u64),\n}\n```\n\n[rustup]: https://rust-lang.github.io/rustup/concepts/channels.html\n"},"level":"error","spans":[{"file_name":"/home/codespace/.cargo/registry/src/index.crates.io-6f17d22bba15001f/x86_64-0.15.4/src/instructions/interrupts.rs","byte_start":4631,"byte_end":4646,"line_start":151,"line_end":151,"column_start":27,"column_end":42,"is_primary":true,"text":[{"text":"        asm!(\"int {num}\", num = const NUM, options(nomem, nostack));","highlight_start":27,"highlight_end":42}],"label":null,"suggested_replacement":null,"suggestion_applicability":null,"expansion":null}],"children":[{"message":"see issue #93332 <https://github.com/rust-lang/rust/issues/93332> for more information","code":null,"level":"note","spans":[],"children":[],"rendered":null},{"message":"add `#![feature(asm_const)]` to the crate attributes to enable","code":null,"level":"help","spans":[],"children":[],"rendered":null}],"rendered":"\u001b[0m\u001b[1m\u001b[38;5;9merror[E0658]\u001b[0m\u001b[0m\u001b[1m: const operands for inline assembly are unstable\u001b[0m\n\u001b[0m   \u001b[0m\u001b[0m\u001b[1m\u001b[38;5;12m--> \u001b[0m\u001b[0m/home/codespace/.cargo/registry/src/index.crates.io-6f17d22bba15001f/x86_64-0.15.4/src/instructions/interrupts.rs:151:27\u001b[0m\n\u001b[0m    \u001b[0m\u001b[0m\u001b[1m\u001b[38;5;12m|\u001b[0m\n\u001b[0m\u001b[1m\u001b[38;5;12m151\u001b[0m\u001b[0m \u001b[0m\u001b[0m\u001b[1m\u001b[38;5;12m|\u001b[0m\u001b[0m \u001b[0m\u001b[0m        asm!(\"int {num}\", num = const NUM, options(nomem, nostack));\u001b[0m\n\u001b[0m    \u001b[0m\u001b[0m\u001b[1m\u001b[38;5;12m| \u001b[0m\u001b[0m                          \u001b[0m\u001b[0m\u001b[1m\u001b[38;5;9m^^^^^^^^^^^^^^^\u001b[0m\n\u001b[0m    \u001b[0m\u001b[0m\u001b[1m\u001b[38;5;12m|\u001b[0m\n\u001b[0m    \u001b[0m\u001b[0m\u001b[1m\u001b[38;5;12m= \u001b[0m\u001b[0m\u001b[1mnote\u001b[0m\u001b[0m: see issue #93332 <https://github.com/rust-lang/rust/issues/93332> for more information\u001b[0m\n\u001b[0m    \u001b[0m\u001b[0m\u001b[1m\u001b[38;5;12m= \u001b[0m\u001b[0m\u001b[1mhelp\u001b[0m\u001b[0m: add `#![feature(asm_const)]` to the crate attributes to enable\u001b[0m\n\n"}
{"$message_type":"diagnostic","message":"method `steps_between` has an incompatible type for trait","code":{"code":"E0053","explanation":"The parameters of any trait method must match between a trait implementation\nand the trait definition.\n\nErroneous code example:\n\n```compile_fail,E0053\ntrait Foo {\n    fn foo(x: u16);\n    fn bar(&self);\n}\n\nstruct Bar;\n\nimpl Foo for Bar {\n    // error, expected u16, found i16\n    fn foo(x: i16) { }\n\n    // error, types differ in mutability\n    fn bar(&mut self) { }\n}\n```\n"},"level":"error","spans":[{"file_name":"/home/codespace/.cargo/registry/src/index.crates.io-6f17d22bba15001f/x86_64-0.15.4/src/addr.rs","byte_start":15221,"byte_end":15243,"line_start":476,"line_end":476,"column_start":51,"column_end":73,"is_primary":true,"text":[{"text":"    fn steps_between(start: &Self, end: &Self) -> (usize, Option<usize>) {","highlight_start":51,"highlight_end":73}],"label":"expected `Option<usize>`, found `(usize, ...)`","suggested_replacement":null,"suggestion_applicability":null,"expansion":null}],"children":[{"message":"expected signature `fn(&addr::VirtAddr, &addr::VirtAddr) -> Option<usize>`\n   found signature `fn(&addr::VirtAddr, &addr::VirtAddr) -> (usize, Option<usize>)`","code":null,"level":"note","spans":[],"children":[],"rendered":null},{"message":"change the output type to match the trait","code":null,"level":"help","spans":[{"file_name":"/home/codespace/.cargo/registry/src/index.crates.io-6f17d22bba15001f/x86_64-0.15.4/src/addr.rs","byte_start":15221,"byte_end":15243,"line_start":476,"line_end":476,"column_start":51,"column_end":73,"is_primary":true,"text":[{"text":"    fn steps_between(start: &Self, end: &Self) -> (usize, Option<usize>) {","highlight_start":51,"highlight_end":73}],"label":null,"suggested_replacement":"Option<usize>","suggestion_applicability":"MachineApplicable","expansion":null}],"children":[],"rendered":null}],"rendered":"\u001b[0m\u001b[1m\u001b[38;5;9merror[E0053]\u001b[0m\u001b[0m\u001b[1m: method `steps_between` has an incompatible type for trait\u001b[0m\n\u001b[0m   \u001b[0m\u001b[0m\u001b[1m\u001b[38;5;12m--> \u001b[0m\u001b[0m/home/codespace/.cargo/registry/src/index.crates.io-6f17d22bba15001f/x86_64-0.15.4/src/addr.rs:476:51\u001b[0m\n\u001b[0m    \u001b[0m\u001b[0m\u001b[1m\u001b[38;5;12m|\u001b[0m\n\u001b[0m\u001b[1m\u001b[38;5;12m476\u001b[0m\u001b[0m \u001b[0m\u001b[0m\u001b[1m\u001b[38;5;12m|\u001b[0m\u001b[0m \u001b[0m\u001b[0m\u001b[1m\u001b[38;5;12m...\u001b[0m\u001b[0mend: &Self) -> (usize, Option<usize>) {\u001b[0m\n\u001b[0m    \u001b[0m\u001b[0m\u001b[1m\u001b[38;5;12m| \u001b[0m\u001b[0m                  \u001b[0m\u001b[0m\u001b[1m\u001b[38;5;9m^^^^^^^^^^^^^^^^^^^^^^\u001b[0m\n\u001b[0m    \u001b[0m\u001b[0m\u001b[1m\u001b[38;5;12m| \u001b[0m\u001b[0m                  \u001b[0m\u001b[0m\u001b[1m\u001b[38;5;9m|\u001b[0m\n\u001b[0m    \u001b[0m\u001b[0m\u001b[1m\u001b[38;5;12m| \u001b[0m\u001b[0m                  \u001b[0m\u001b[0m\u001b[1m\u001b[38;5;9mexpected `Option<usize>`, found `(usize, ...)`\u001b[0m\n\u001b[0m    \u001b[0m\u001b[0m\u001b[1m\u001b[38;5;12m| \u001b[0m\u001b[0m                  \u001b[0m\u001b[0m\u001b[1m\u001b[38;5;9mhelp: change the output type to match the trait: `Option<usize>`\u001b[0m\n\u001b[0m    \u001b[0m\u001b[0m\u001b[1m\u001b[38;5;12m|\u001b[0m\n\u001b[0m    \u001b[0m\u001b[0m\u001b[1m\u001b[38;5;12m= \u001b[0m\u001b[0m\u001b[1mnote\u001b[0m\u001b[0m: expected signature `fn(&addr::VirtAddr, &addr::VirtAddr) -> \u001b[0m\u001b[0m\u001b[1m\u001b[35mOption<usize>\u001b[0m\u001b[0m`\u001b[0m\n\u001b[0m               found signature `fn(&addr::VirtAddr, &addr::VirtAddr) -> \u001b[0m\u001b[0m\u001b[1m\u001b[35m(usize, Option<usize>)\u001b[0m\u001b[0m`\u001b[0m\n\n"}
{"$message_type":"diagnostic","message":"method `steps_between` has an incompatible type for trait","code":{"code":"E0053","explanation":"The parameters of any trait method must match between a trait implementation\nand the trait definition.\n\nErroneous code example:\n\n```compile_fail,E0053\ntrait Foo {\n    fn foo(x: u16);\n    fn bar(&self);\n}\n\nstruct Bar;\n\nimpl Foo for Bar {\n    // error, expected u16, found i16\n    fn foo(x: i16) { }\n\n    // error, types differ in mutability\n    fn bar(&mut self) { }\n}\n```\n"},"level":"error","spans":[{"file_name":"/home/codespace/.cargo/registry/src/index.crates.io-6f17d22bba15001f/x86_64-0.15.4/src/structures/paging/page.rs","byte_start":9069,"byte_end":9091,"line_start":307,"line_end":307,"column_start":51,"column_end":73,"is_primary":true,"text":[{"text":"    fn steps_between(start: &Self, end: &Self) -> (usize, Option<usize>) {","highlight_start":51,"highlight_end":73}],"label":"expected `Option<usize>`, found `(usize, ...)`","suggested_replacement":null,"suggestion_applicability":null,"expansion":null}],"children":[{"message":"expected signature `fn(&page::Page<_>, &page::Page<_>) -> Option<usize>`\n   found signature `fn(&page::Page<_>, &page::Page<_>) -> (usize, Option<usize>)`","code":null,"level":"note","spans":[],"children":[],"rendered":null},{"message":"change the output type to match the trait","code":null,"level":"help","spans":[{"file_name":"/home/codespace/.cargo/registry/src/index.crates.io-6f17d22bba15001f/x86_64-0.15.4/src/structures/paging/page.rs","byte_start":9069,"byte_end":9091,"line_start":307,"line_end":307,"column_start":51,"column_end":73,"is_primary":true,"text":[{"text":"    fn steps_between(start: &Self, end: &Self) -> (usize, Option<usize>) {","highlight_start":51,"highlight_end":73}],"label":null,"suggested_replacement":"Option<usize>","suggestion_applicability":"MachineApplicable","expansion":null}],"children":[],"rendered":null}],"rendered":"\u001b[0m\u001b[1m\u001b[38;5;9merror[E0053]\u001b[0m\u001b[0m\u001b[1m: method `steps_between` has an incompatible type for trait\u001b[0m\n\u001b[0m   \u001b[0m\u001b[0m\u001b[1m\u001b[38;5;12m--> \u001b[0m\u001b[0m/home/codespace/.cargo/registry/src/index.crates.io-6f17d22bba15001f/x86_64-0.15.4/src/structures/paging/page.rs:307:51\u001b[0m\n\u001b[0m    \u001b[0m\u001b[0m\u001b[1m\u001b[38;5;12m|\u001b[0m\n\u001b[0m\u001b[1m\u001b[38;5;12m307\u001b[0m\u001b[0m \u001b[0m\u001b[0m\u001b[1m\u001b[38;5;12m|\u001b[0m\u001b[0m \u001b[0m\u001b[0m\u001b[1m\u001b[38;5;12m...\u001b[0m\u001b[0mend: &Self) -> (usize, Option<usize>) {\u001b[0m\n\u001b[0m    \u001b[0m\u001b[0m\u001b[1m\u001b[38;5;12m| \u001b[0m\u001b[0m                  \u001b[0m\u001b[0m\u001b[1m\u001b[38;5;9m^^^^^^^^^^^^^^^^^^^^^^\u001b[0m\n\u001b[0m    \u001b[0m\u001b[0m\u001b[1m\u001b[38;5;12m| \u001b[0m\u001b[0m                  \u001b[0m\u001b[0m\u001b[1m\u001b[38;5;9m|\u001b[0m\n\u001b[0m    \u001b[0m\u001b[0m\u001b[1m\u001b[38;5;12m| \u001b[0m\u001b[0m                  \u001b[0m\u001b[0m\u001b[1m\u001b[38;5;9mexpected `Option<usize>`, found `(usize, ...)`\u001b[0m\n\u001b[0m    \u001b[0m\u001b[0m\u001b[1m\u001b[38;5;12m| \u001b[0m\u001b[0m                  \u001b[0m\u001b[0m\u001b[1m\u001b[38;5;9mhelp: change the output type to match the trait: `Option<usize>`\u001b[0m\n\u001b[0m    \u001b[0m\u001b[0m\u001b[1m\u001b[38;5;12m|\u001b[0m\n\u001b[0m    \u001b[0m\u001b[0m\u001b[1m\u001b[38;5;12m= \u001b[0m\u001b[0m\u001b[1mnote\u001b[0m\u001b[0m: expected signature `fn(&page::Page<_>, &page::Page<_>) -> \u001b[0m\u001b[0m\u001b[1m\u001b[35mOption<usize>\u001b[0m\u001b[0m`\u001b[0m\n\u001b[0m               found signature `fn(&page::Page<_>, &page::Page<_>) -> \u001b[0m\u001b[0m\u001b[1m\u001b[35m(usize, Option<usize>)\u001b[0m\u001b[0m`\u001b[0m\n\n"}
{"$message_type":"diagnostic","message":"method `steps_between` has an incompatible type for trait","code":{"code":"E0053","explanation":"The parameters of any trait method must match between a trait implementation\nand the trait definition.\n\nErroneous code example:\n\n```compile_fail,E0053\ntrait Foo {\n    fn foo(x: u16);\n    fn bar(&self);\n}\n\nstruct Bar;\n\nimpl Foo for Bar {\n    // error, expected u16, found i16\n    fn foo(x: i16) { }\n\n    // error, types differ in mutability\n    fn bar(&mut self) { }\n}\n```\n"},"level":"error","spans":[{"file_name":"/home/codespace/.cargo/registry/src/index.crates.io-6f17d22bba15001f/x86_64-0.15.4/src/structures/paging/page_table.rs","byte_start":12855,"byte_end":12877,"line_start":376,"line_end":376,"column_start":51,"column_end":73,"is_primary":true,"text":[{"text":"    fn steps_between(start: &Self, end: &Self) -> (usize, Option<usize>) {","highlight_start":51,"highlight_end":73}],"label":"expected `Option<usize>`, found `(usize, ...)`","suggested_replacement":null,"suggestion_applicability":null,"expansion":null}],"children":[{"message":"expected signature `fn(&PageTableIndex, &PageTableIndex) -> Option<usize>`\n   found signature `fn(&PageTableIndex, &PageTableIndex) -> (usize, Option<usize>)`","code":null,"level":"note","spans":[],"children":[],"rendered":null},{"message":"change the output type to match the trait","code":null,"level":"help","spans":[{"file_name":"/home/codespace/.cargo/registry/src/index.crates.io-6f17d22bba15001f/x86_64-0.15.4/src/structures/paging/page_table.rs","byte_start":12855,"byte_end":12877,"line_start":376,"line_end":376,"column_start":51,"column_end":73,"is_primary":true,"text":[{"text":"    fn steps_between(start: &Self, end: &Self) -> (usize, Option<usize>) {","highlight_start":51,"highlight_end":73}],"label":null,"suggested_replacement":"Option<usize>","suggestion_applicability":"MachineApplicable","expansion":null}],"children":[],"rendered":null}],"rendered":"\u001b[0m\u001b[1m\u001b[38;5;9merror[E0053]\u001b[0m\u001b[0m\u001b[1m: method `steps_between` has an incompatible type for trait\u001b[0m\n\u001b[0m   \u001b[0m\u001b[0m\u001b[1m\u001b[38;5;12m--> \u001b[0m\u001b[0m/home/codespace/.cargo/registry/src/index.crates.io-6f17d22bba15001f/x86_64-0.15.4/src/structures/paging/page_table.rs:376:51\u001b[0m\n\u001b[0m    \u001b[0m\u001b[0m\u001b[1m\u001b[38;5;12m|\u001b[0m\n\u001b[0m\u001b[1m\u001b[38;5;12m376\u001b[0m\u001b[0m \u001b[0m\u001b[0m\u001b[1m\u001b[38;5;12m|\u001b[0m\u001b[0m \u001b[0m\u001b[0m\u001b[1m\u001b[38;5;12m...\u001b[0m\u001b[0mend: &Self) -> (usize, Option<usize>) {\u001b[0m\n\u001b[0m    \u001b[0m\u001b[0m\u001b[1m\u001b[38;5;12m| \u001b[0m\u001b[0m                  \u001b[0m\u001b[0m\u001b[1m\u001b[38;5;9m^^^^^^^^^^^^^^^^^^^^^^\u001b[0m\n\u001b[0m    \u001b[0m\u001b[0m\u001b[1m\u001b[38;5;12m| \u001b[0m\u001b[0m                  \u001b[0m\u001b[0m\u001b[1m\u001b[38;5;9m|\u001b[0m\n\u001b[0m    \u001b[0m\u001b[0m\u001b[1m\u001b[38;5;12m| \u001b[0m\u001b[0m                  \u001b[0m\u001b[0m\u001b[1m\u001b[38;5;9mexpected `Option<usize>`, found `(usize, ...)`\u001b[0m\n\u001b[0m    \u001b[0m\u001b[0m\u001b[1m\u001b[38;5;12m| \u001b[0m\u001b[0m                  \u001b[0m\u001b[0m\u001b[1m\u001b[38;5;9mhelp: change the output type to match the trait: `Option<usize>`\u001b[0m\n\u001b[0m    \u001b[0m\u001b[0m\u001b[1m\u001b[38;5;12m|\u001b[0m\n\u001b[0m    \u001b[0m\u001b[0m\u001b[1m\u001b[38;5;12m= \u001b[0m\u001b[0m\u001b[1mnote\u001b[0m\u001b[0m: expected signature `fn(&PageTableIndex, &PageTableIndex) -> \u001b[0m\u001b[0m\u001b[1m\u001b[35mOption<usize>\u001b[0m\u001b[0m`\u001b[0m\n\u001b[0m               found signature `fn(&PageTableIndex, &PageTableIndex) -> \u001b[0m\u001b[0m\u001b[1m\u001b[35m(usize, Option<usize>)\u001b[0m\u001b[0m`\u001b[0m\n\n"}
{"$message_type":"diagnostic","message":"mismatched types","code":{"code":"E0308","explanation":"Expected type did not match the received type.\n\nErroneous code examples:\n\n```compile_fail,E0308\nfn plus_one(x: i32) -> i32 {\n    x + 1\n}\n\nplus_one(\"Not a number\");\n//       ^^^^^^^^^^^^^^ expected `i32`, found `&str`\n\nif \"Not a bool\" {\n// ^^^^^^^^^^^^ expected `bool`, found `&str`\n}\n\nlet x: f32 = \"Not a float\";\n//     ---   ^^^^^^^^^^^^^ expected `f32`, found `&str`\n//     |\n//     expected due to this\n```\n\nThis error occurs when an expression was used in a place where the compiler\nexpected an expression of a different type. It can occur in several cases, the\nmost common being when calling a function and passing an argument which has a\ndifferent type than the matching type in the function declaration.\n"},"level":"error","spans":[{"file_name":"/home/codespace/.cargo/registry/src/index.crates.io-6f17d22bba15001f/x86_64-0.15.4/src/structures/paging/page_table.rs","byte_start":12888,"byte_end":12925,"line_start":377,"line_end":377,"column_start":9,"column_end":46,"is_primary":true,"text":[{"text":"        Step::steps_between(&start.0, &end.0)","highlight_start":9,"highlight_end":46}],"label":"expected `(usize, ...)`, found `Option<usize>`","suggested_replacement":null,"suggestion_applicability":null,"expansion":null},{"file_name":"/home/codespace/.cargo/registry/src/index.crates.io-6f17d22bba15001f/x86_64-0.15.4/src/structures/paging/page_table.rs","byte_start":12855,"byte_end":12877,"line_start":376,"line_end":376,"column_start":51,"column_end":73,"is_primary":false,"text":[{"text":"    fn steps_between(start: &Self, end: &Self) -> (usize, Option<usize>) {","highlight_start":51,"highlight_end":73}],"label":"expected `(usize, Option<usize>)` because of return type","suggested_replacement":null,"suggestion_applicability":null,"expansion":null}],"children":[{"message":"expected tuple `(usize, Option<usize>)`\n    found enum `Option<usize>`","code":null,"level":"note","spans":[],"children":[],"rendered":null}],"rendered":"\u001b[0m\u001b[1m\u001b[38;5;9merror[E0308]\u001b[0m\u001b[0m\u001b[1m: mismatched types\u001b[0m\n\u001b[0m   \u001b[0m\u001b[0m\u001b[1m\u001b[38;5;12m--> \u001b[0m\u001b[0m/home/codespace/.cargo/registry/src/index.crates.io-6f17d22bba15001f/x86_64-0.15.4/src/structures/paging/page_table.rs:377:9\u001b[0m\n\u001b[0m    \u001b[0m\u001b[0m\u001b[1m\u001b[38;5;12m|\u001b[0m\n\u001b[0m\u001b[1m\u001b[38;5;12m376\u001b[0m\u001b[0m \u001b[0m\u001b[0m\u001b[1m\u001b[38;5;12m|\u001b[0m\u001b[0m \u001b[0m\u001b[0m\u001b[1m\u001b[38;5;12m...\u001b[0m\u001b[0mn steps_between(start: &Self, end: &Self) -> (usize, Option<usize>\u001b[0m\u001b[0m\u001b[1m\u001b[38;5;12m...\u001b[0m\n\u001b[0m    \u001b[0m\u001b[0m\u001b[1m\u001b[38;5;12m| \u001b[0m\u001b[0m                                                \u001b[0m\u001b[0m\u001b[1m\u001b[38;5;12m----------------------\u001b[0m\u001b[0m \u001b[0m\u001b[0m\u001b[1m\u001b[38;5;12mexpected `(usize, Option<usize>)` because of return type\u001b[0m\n\u001b[0m\u001b[1m\u001b[38;5;12m377\u001b[0m\u001b[0m \u001b[0m\u001b[0m\u001b[1m\u001b[38;5;12m|\u001b[0m\u001b[0m \u001b[0m\u001b[0m\u001b[1m\u001b[38;5;12m...\u001b[0m\u001b[0m   Step::steps_between(&start.0, &end.0)\u001b[0m\n\u001b[0m    \u001b[0m\u001b[0m\u001b[1m\u001b[38;5;12m| \u001b[0m\u001b[0m      \u001b[0m\u001b[0m\u001b[1m\u001b[38;5;9m^^^^^^^^^^^^^^^^^^^^^^^^^^^^^^^^^^^^^\u001b[0m\u001b[0m \u001b[0m\u001b[0m\u001b[1m\u001b[38;5;9mexpected `(usize, ...)`, found `Option<usize>`\u001b[0m\n\u001b[0m    \u001b[0m\u001b[0m\u001b[1m\u001b[38;5;12m|\u001b[0m\n\u001b[0m    \u001b[0m\u001b[0m\u001b[1m\u001b[38;5;12m= \u001b[0m\u001b[0m\u001b[1mnote\u001b[0m\u001b[0m: expected tuple `\u001b[0m\u001b[0m\u001b[1m\u001b[35m(usize, Option<usize>)\u001b[0m\u001b[0m`\u001b[0m\n\u001b[0m                found enum `\u001b[0m\u001b[0m\u001b[1m\u001b[35mOption<usize>\u001b[0m\u001b[0m`\u001b[0m\n\n"}
{"$message_type":"diagnostic","message":"aborting due to 5 previous errors","code":null,"level":"error","spans":[],"children":[],"rendered":"\u001b[0m\u001b[1m\u001b[38;5;9merror\u001b[0m\u001b[0m\u001b[1m: aborting due to 5 previous errors\u001b[0m\n\n"}
{"$message_type":"diagnostic","message":"Some errors have detailed explanations: E0053, E0308, E0658.","code":null,"level":"failure-note","spans":[],"children":[],"rendered":"\u001b[0m\u001b[1mSome errors have detailed explanations: E0053, E0308, E0658.\u001b[0m\n"}
{"$message_type":"diagnostic","message":"For more information about an error, try `rustc --explain E0053`.","code":null,"level":"failure-note","spans":[],"children":[],"rendered":"\u001b[0m\u001b[1mFor more information about an error, try `rustc --explain E0053`.\u001b[0m\n"}
